Case #1: 1 0
Case #2: 1 0
Case #3: 1 1
Case #4: 0 0
Case #5: 500 499
Case #6: 0 0
Case #7: 1 1
Case #8: 1 0
Case #9: 0 0
Case #10: 0 0
Case #11: 0 0
Case #12: 1 0
Case #13: 0 0
Case #14: 3 2
Case #15: 125000 124999
Case #16: 0 0
Case #17: 0 0
Case #18: 0 0
Case #19: 1 1
Case #20: 1 0
Case #21: 250000 249999
Case #22: 0 0
Case #23: 7812 7811
Case #24: 500000 499999
Case #25: 0 0
Case #26: 1 0
Case #27: 0 0
Case #28: 1 1
Case #29: 0 0
Case #30: 0 0
Case #31: 7812 7811
Case #32: 1 0
Case #33: 0 0
Case #34: 1 0
Case #35: 0 0
Case #36: 1 1
Case #37: 0 0
Case #38: 3 2
Case #39: 0 0
Case #40: 1 0
Case #41: 0 0
Case #42: 1 0
Case #43: 0 0
Case #44: 0 0
Case #45: 1 0
Case #46: 1 1
Case #47: 1 0
Case #48: 1 1
Case #49: 3906 3905
Case #50: 0 0
Case #51: 0 0
Case #52: 0 0
Case #53: 0 0
Case #54: 0 0
Case #55: 1 1
Case #56: 0 0
Case #57: 249999 249999
Case #58: 0 0
Case #59: 1 0
Case #60: 1 0
Case #61: 1 0
Case #62: 1 1
Case #63: 250000 249999
Case #64: 499999 499999
Case #65: 3905 3905
Case #66: 1 0
Case #67: 1 0
Case #68: 0 0
Case #69: 1 0
Case #70: 0 0
Case #71: 0 0
Case #72: 0 0
Case #73: 1 0
Case #74: 0 0
Case #75: 0 0
Case #76: 0 0
Case #77: 1 1
Case #78: 0 0
Case #79: 1 1
Case #80: 0 0
Case #81: 0 0
Case #82: 0 0
Case #83: 0 0
Case #84: 1 0
Case #85: 0 0
Case #86: 2 1
Case #87: 0 0
Case #88: 2 2
Case #89: 0 0
Case #90: 0 0
Case #91: 0 0
Case #92: 3 2
Case #93: 1953 1952
Case #94: 0 0
Case #95: 0 0
Case #96: 0 0
Case #97: 0 0
Case #98: 0 0
Case #99: 3906 3905
Case #100: 1 0
